Oct 16 19:05:29 symfony [err] Failed to connect to static.scholarsportal.info port 443: Connection refused
Oct 16 19:05:29 symfony [err] Failed to connect to static.scholarsportal.info port 443: Connection refused
Oct 16 19:05:29 symfony [err] Failed to connect to static.scholarsportal.info port 443: Connection refused
Oct 16 19:05:30 symfony [err] Failed to connect to static.scholarsportal.info port 443: Connection refused
Oct 16 19:05:30 symfony [err] Failed to connect to static.scholarsportal.info port 443: Connection refused
Oct 16 19:05:30 symfony [err] Failed to connect to static.scholarsportal.info port 443: Connection refused
Oct 16 19:05:30 symfony [err] Failed to connect to static.scholarsportal.info port 443: Connection refused
Oct 16 19:05:30 symfony [err] Failed to connect to static.scholarsportal.info port 443: Connection refused
Oct 16 19:05:31 symfony [err] Failed to connect to static.scholarsportal.info port 443: Connection refused
Oct 16 19:05:31 symfony [err] Failed to connect to static.scholarsportal.info port 443: Connection refused
Oct 16 19:05:31 symfony [err] Failed to connect to static.scholarsportal.info port 443: Connection refused
Oct 16 19:05:31 symfony [err] Failed to connect to static.scholarsportal.info port 443: Connection refused
Oct 16 19:05:31 symfony [err] Failed to connect to static.scholarsportal.info port 443: Connection refused
Oct 16 19:05:32 symfony [err] Failed to connect to static.scholarsportal.info port 443: Connection refused
Oct 16 19:05:32 symfony [err] Failed to connect to static.scholarsportal.info port 443: Connection refused
Oct 16 19:05:32 symfony [err] Failed to connect to static.scholarsportal.info port 443: Connection refused
Oct 16 19:05:32 symfony [err] Failed to connect to static.scholarsportal.info port 443: Connection refused
Oct 16 19:05:32 symfony [err] Failed to connect to static.scholarsportal.info port 443: Connection refused
Oct 16 19:05:33 symfony [err] Failed to connect to static.scholarsportal.info port 443: Connection refused
Oct 16 19:05:33 symfony [err] Failed to connect to static.scholarsportal.info port 443: Connection refused
Oct 16 19:05:33 symfony [err] Failed to connect to static.scholarsportal.info port 443: Connection refused
Oct 16 19:05:33 symfony [err] Failed to connect to static.scholarsportal.info port 443: Connection refused
Oct 16 19:05:33 symfony [err] Failed to connect to static.scholarsportal.info port 443: Connection refused
Oct 16 19:05:33 symfony [err] Failed to connect to static.scholarsportal.info port 443: Connection refused
Oct 16 19:05:33 symfony [err] Failed to connect to static.scholarsportal.info port 443: Connection refused
Oct 16 19:05:34 symfony [err] Failed to connect to static.scholarsportal.info port 443: Connection refused
Oct 16 19:05:34 symfony [err] Failed to connect to static.scholarsportal.info port 443: Connection refused
Oct 16 19:05:34 symfony [err] Failed to connect to static.scholarsportal.info port 443: Connection refused
Oct 16 19:05:34 symfony [err] Failed to connect to static.scholarsportal.info port 443: Connection refused
Oct 16 19:05:34 symfony [err] Failed to connect to static.scholarsportal.info port 443: Connection refused
Oct 16 19:06:20 symfony [err] Failed to connect to static.scholarsportal.info port 443: Connection refused
Oct 16 19:06:20 symfony [err] Failed to connect to static.scholarsportal.info port 443: Connection refused
Oct 16 19:06:20 symfony [err] Failed to connect to static.scholarsportal.info port 443: Connection refused
Oct 16 19:06:20 symfony [err] Failed to connect to static.scholarsportal.info port 443: Connection refused
Oct 16 19:06:20 symfony [err] Failed to connect to static.scholarsportal.info port 443: Connection refused
Oct 16 19:06:21 symfony [err] Failed to connect to static.scholarsportal.info port 443: Connection refused
Oct 16 19:06:21 symfony [err] Failed to connect to static.scholarsportal.info port 443: Connection refused
Oct 16 19:06:21 symfony [err] Failed to connect to static.scholarsportal.info port 443: Connection refused
Oct 16 19:06:21 symfony [err] Failed to connect to static.scholarsportal.info port 443: Connection refused
Oct 16 19:06:21 symfony [err] Failed to connect to static.scholarsportal.info port 443: Connection refused
Oct 16 19:06:21 symfony [err] Failed to connect to static.scholarsportal.info port 443: Connection refused
Oct 16 19:06:21 symfony [err] Failed to connect to static.scholarsportal.info port 443: Connection refused
Oct 16 19:06:22 symfony [err] Failed to connect to static.scholarsportal.info port 443: Connection refused
Oct 16 19:06:22 symfony [err] Failed to connect to static.scholarsportal.info port 443: Connection refused
Oct 16 19:06:22 symfony [err] Failed to connect to static.scholarsportal.info port 443: Connection refused
Oct 16 19:06:22 symfony [err] Failed to connect to static.scholarsportal.info port 443: Connection refused
Oct 16 19:06:22 symfony [err] Failed to connect to static.scholarsportal.info port 443: Connection refused
Oct 16 19:06:22 symfony [err] Failed to connect to static.scholarsportal.info port 443: Connection refused
Oct 16 19:06:22 symfony [err] Failed to connect to static.scholarsportal.info port 443: Connection refused
Oct 16 19:06:23 symfony [err] Failed to connect to static.scholarsportal.info port 443: Connection refused
Oct 16 19:06:23 symfony [err] Failed to connect to static.scholarsportal.info port 443: Connection refused
Oct 16 19:06:23 symfony [err] Failed to connect to static.scholarsportal.info port 443: Connection refused
Oct 16 19:06:23 symfony [err] Failed to connect to static.scholarsportal.info port 443: Connection refused
Oct 16 19:06:23 symfony [err] Failed to connect to static.scholarsportal.info port 443: Connection refused
Oct 16 19:06:23 symfony [err] Failed to connect to static.scholarsportal.info port 443: Connection refused
Oct 16 19:06:23 symfony [err] Failed to connect to static.scholarsportal.info port 443: Connection refused
Oct 16 19:06:24 symfony [err] Failed to connect to static.scholarsportal.info port 443: Connection refused
Oct 16 19:06:24 symfony [err] Failed to connect to static.scholarsportal.info port 443: Connection refused
Oct 16 19:06:24 symfony [err] Failed to connect to static.scholarsportal.info port 443: Connection refused
Oct 16 19:06:24 symfony [err] Failed to connect to static.scholarsportal.info port 443: Connection refused
Oct 16 19:25:16 symfony [err] Failed to connect to static.scholarsportal.info port 443: Connection refused
Oct 16 19:25:16 symfony [err] Failed to connect to static.scholarsportal.info port 443: Connection refused
Oct 16 19:25:16 symfony [err] Failed to connect to static.scholarsportal.info port 443: Connection refused
Oct 16 19:25:16 symfony [err] Failed to connect to static.scholarsportal.info port 443: Connection refused
Oct 16 19:25:17 symfony [err] Failed to connect to static.scholarsportal.info port 443: Connection refused
Oct 16 19:25:17 symfony [err] Failed to connect to static.scholarsportal.info port 443: Connection refused
Oct 16 19:25:17 symfony [err] Failed to connect to static.scholarsportal.info port 443: Connection refused
Oct 16 19:25:17 symfony [err] Failed to connect to static.scholarsportal.info port 443: Connection refused
Oct 16 19:25:17 symfony [err] Failed to connect to static.scholarsportal.info port 443: Connection refused
Oct 16 19:25:17 symfony [err] Failed to connect to static.scholarsportal.info port 443: Connection refused
Oct 16 19:25:17 symfony [err] Failed to connect to static.scholarsportal.info port 443: Connection refused
Oct 16 19:25:18 symfony [err] Failed to connect to static.scholarsportal.info port 443: Connection refused
Oct 16 19:25:18 symfony [err] Failed to connect to static.scholarsportal.info port 443: Connection refused
Oct 16 19:25:18 symfony [err] Failed to connect to static.scholarsportal.info port 443: Connection refused
Oct 16 19:25:18 symfony [err] Failed to connect to static.scholarsportal.info port 443: Connection refused
Oct 16 19:25:18 symfony [err] Failed to connect to static.scholarsportal.info port 443: Connection refused
Oct 16 19:25:18 symfony [err] Failed to connect to static.scholarsportal.info port 443: Connection refused
Oct 16 19:25:18 symfony [err] Failed to connect to static.scholarsportal.info port 443: Connection refused
Oct 16 19:25:18 symfony [err] Failed to connect to static.scholarsportal.info port 443: Connection refused
Oct 16 19:25:19 symfony [err] Failed to connect to static.scholarsportal.info port 443: Connection refused
Oct 16 19:25:19 symfony [err] Failed to connect to static.scholarsportal.info port 443: Connection refused
Oct 16 19:25:19 symfony [err] Failed to connect to static.scholarsportal.info port 443: Connection refused
Oct 16 19:25:19 symfony [err] Failed to connect to static.scholarsportal.info port 443: Connection refused
Oct 16 19:25:19 symfony [err] Failed to connect to static.scholarsportal.info port 443: Connection refused
Oct 16 19:25:19 symfony [err] Failed to connect to static.scholarsportal.info port 443: Connection refused
Oct 16 19:25:19 symfony [err] Failed to connect to static.scholarsportal.info port 443: Connection refused
Oct 16 19:25:20 symfony [err] Failed to connect to static.scholarsportal.info port 443: Connection refused
Oct 16 19:25:20 symfony [err] Failed to connect to static.scholarsportal.info port 443: Connection refused
Oct 16 19:25:20 symfony [err] Failed to connect to static.scholarsportal.info port 443: Connection refused
Oct 16 19:25:20 symfony [err] Failed to connect to static.scholarsportal.info port 443: Connection refused
Oct 16 19:35:03 symfony [err] Failed to connect to static.scholarsportal.info port 443: Connection refused
Oct 16 19:35:03 symfony [err] Failed to connect to static.scholarsportal.info port 443: Connection refused
Oct 16 19:35:03 symfony [err] Failed to connect to static.scholarsportal.info port 443: Connection refused
Oct 16 19:35:03 symfony [err] Failed to connect to static.scholarsportal.info port 443: Connection refused
Oct 16 19:35:03 symfony [err] Failed to connect to static.scholarsportal.info port 443: Connection refused
Oct 16 19:35:04 symfony [err] Failed to connect to static.scholarsportal.info port 443: Connection refused
Oct 16 19:35:04 symfony [err] Failed to connect to static.scholarsportal.info port 443: Connection refused
Oct 16 19:35:04 symfony [err] Failed to connect to static.scholarsportal.info port 443: Connection refused
Oct 16 19:35:04 symfony [err] Failed to connect to static.scholarsportal.info port 443: Connection refused
Oct 16 19:35:04 symfony [err] Failed to connect to static.scholarsportal.info port 443: Connection refused
Oct 16 19:35:04 symfony [err] Failed to connect to static.scholarsportal.info port 443: Connection refused
Oct 16 19:35:05 symfony [err] Failed to connect to static.scholarsportal.info port 443: Connection refused
Oct 16 19:35:05 symfony [err] Failed to connect to static.scholarsportal.info port 443: Connection refused
Oct 16 19:35:05 symfony [err] Failed to connect to static.scholarsportal.info port 443: Connection refused
Oct 16 19:35:05 symfony [err] Failed to connect to static.scholarsportal.info port 443: Connection refused
Oct 16 19:35:05 symfony [err] Failed to connect to static.scholarsportal.info port 443: Connection refused
Oct 16 19:35:05 symfony [err] Failed to connect to static.scholarsportal.info port 443: Connection refused
Oct 16 19:35:05 symfony [err] Failed to connect to static.scholarsportal.info port 443: Connection refused
Oct 16 19:35:06 symfony [err] Failed to connect to static.scholarsportal.info port 443: Connection refused
Oct 16 19:35:06 symfony [err] Failed to connect to static.scholarsportal.info port 443: Connection refused
Oct 16 19:35:06 symfony [err] Failed to connect to static.scholarsportal.info port 443: Connection refused
Oct 16 19:35:06 symfony [err] Failed to connect to static.scholarsportal.info port 443: Connection refused
Oct 16 19:35:06 symfony [err] Failed to connect to static.scholarsportal.info port 443: Connection refused
Oct 16 19:35:06 symfony [err] Failed to connect to static.scholarsportal.info port 443: Connection refused
Oct 16 19:35:06 symfony [err] Failed to connect to static.scholarsportal.info port 443: Connection refused
Oct 16 19:35:07 symfony [err] Failed to connect to static.scholarsportal.info port 443: Connection refused
Oct 16 19:35:07 symfony [err] Failed to connect to static.scholarsportal.info port 443: Connection refused
Oct 16 19:35:07 symfony [err] Failed to connect to static.scholarsportal.info port 443: Connection refused
Oct 16 19:35:07 symfony [err] Failed to connect to static.scholarsportal.info port 443: Connection refused
Oct 16 19:35:07 symfony [err] Failed to connect to static.scholarsportal.info port 443: Connection refused
Oct 16 19:36:07 symfony [err] Failed to connect to static.scholarsportal.info port 443: Connection refused
Oct 16 19:36:07 symfony [err] Failed to connect to static.scholarsportal.info port 443: Connection refused
Oct 16 19:36:07 symfony [err] Failed to connect to static.scholarsportal.info port 443: Connection refused
Oct 16 19:36:07 symfony [err] Failed to connect to static.scholarsportal.info port 443: Connection refused
Oct 16 19:36:07 symfony [err] Failed to connect to static.scholarsportal.info port 443: Connection refused
Oct 16 19:36:07 symfony [err] Failed to connect to static.scholarsportal.info port 443: Connection refused
Oct 16 19:36:08 symfony [err] Failed to connect to static.scholarsportal.info port 443: Connection refused
Oct 16 19:36:08 symfony [err] Failed to connect to static.scholarsportal.info port 443: Connection refused
Oct 16 19:36:08 symfony [err] Failed to connect to static.scholarsportal.info port 443: Connection refused
Oct 16 19:36:08 symfony [err] Failed to connect to static.scholarsportal.info port 443: Connection refused
Oct 16 19:36:08 symfony [err] Failed to connect to static.scholarsportal.info port 443: Connection refused
Oct 16 19:36:08 symfony [err] Failed to connect to static.scholarsportal.info port 443: Connection refused
Oct 16 19:36:09 symfony [err] Failed to connect to static.scholarsportal.info port 443: Connection refused
Oct 16 19:36:09 symfony [err] Failed to connect to static.scholarsportal.info port 443: Connection refused
Oct 16 19:36:09 symfony [err] Failed to connect to static.scholarsportal.info port 443: Connection refused
Oct 16 19:36:09 symfony [err] Failed to connect to static.scholarsportal.info port 443: Connection refused
Oct 16 19:36:09 symfony [err] Failed to connect to static.scholarsportal.info port 443: Connection refused
Oct 16 19:36:09 symfony [err] Failed to connect to static.scholarsportal.info port 443: Connection refused
Oct 16 19:36:09 symfony [err] Failed to connect to static.scholarsportal.info port 443: Connection refused
Oct 16 19:36:10 symfony [err] Failed to connect to static.scholarsportal.info port 443: Connection refused
Oct 16 19:36:10 symfony [err] Failed to connect to static.scholarsportal.info port 443: Connection refused
Oct 16 19:36:10 symfony [err] Failed to connect to static.scholarsportal.info port 443: Connection refused
Oct 16 19:36:10 symfony [err] Failed to connect to static.scholarsportal.info port 443: Connection refused
Oct 16 19:36:10 symfony [err] Failed to connect to static.scholarsportal.info port 443: Connection refused
Oct 16 19:36:10 symfony [err] Failed to connect to static.scholarsportal.info port 443: Connection refused
Oct 16 19:36:11 symfony [err] Failed to connect to static.scholarsportal.info port 443: Connection refused
Oct 16 19:36:11 symfony [err] Failed to connect to static.scholarsportal.info port 443: Connection refused
Oct 16 19:36:11 symfony [err] Failed to connect to static.scholarsportal.info port 443: Connection refused
Oct 16 19:36:11 symfony [err] Failed to connect to static.scholarsportal.info port 443: Connection refused
Oct 16 19:36:11 symfony [err] Failed to connect to static.scholarsportal.info port 443: Connection refused
Oct 16 19:38:50 symfony [err] Failed to connect to static.scholarsportal.info port 443: Connection refused
Oct 16 19:38:51 symfony [err] Failed to connect to static.scholarsportal.info port 443: Connection refused
Oct 16 19:38:51 symfony [err] Failed to connect to static.scholarsportal.info port 443: Connection refused
Oct 16 19:38:51 symfony [err] Failed to connect to static.scholarsportal.info port 443: Connection refused
Oct 16 19:38:51 symfony [err] Failed to connect to static.scholarsportal.info port 443: Connection refused
Oct 16 19:38:51 symfony [err] Failed to connect to static.scholarsportal.info port 443: Connection refused
Oct 16 19:38:51 symfony [err] Failed to connect to static.scholarsportal.info port 443: Connection refused
Oct 16 19:38:52 symfony [err] Failed to connect to static.scholarsportal.info port 443: Connection refused
Oct 16 19:38:52 symfony [err] Failed to connect to static.scholarsportal.info port 443: Connection refused
Oct 16 19:38:52 symfony [err] Failed to connect to static.scholarsportal.info port 443: Connection refused
Oct 16 19:38:52 symfony [err] Failed to connect to static.scholarsportal.info port 443: Connection refused
Oct 16 19:38:52 symfony [err] Failed to connect to static.scholarsportal.info port 443: Connection refused
Oct 16 19:38:52 symfony [err] Failed to connect to static.scholarsportal.info port 443: Connection refused
Oct 16 19:38:53 symfony [err] Failed to connect to static.scholarsportal.info port 443: Connection refused
Oct 16 19:38:53 symfony [err] Failed to connect to static.scholarsportal.info port 443: Connection refused
Oct 16 19:38:53 symfony [err] Failed to connect to static.scholarsportal.info port 443: Connection refused
Oct 16 19:38:53 symfony [err] Failed to connect to static.scholarsportal.info port 443: Connection refused
Oct 16 19:38:53 symfony [err] Failed to connect to static.scholarsportal.info port 443: Connection refused
Oct 16 19:38:54 symfony [err] Failed to connect to static.scholarsportal.info port 443: Connection refused
Oct 16 19:38:54 symfony [err] Failed to connect to static.scholarsportal.info port 443: Connection refused
Oct 16 19:38:54 symfony [err] Failed to connect to static.scholarsportal.info port 443: Connection refused
Oct 16 19:38:54 symfony [err] Failed to connect to static.scholarsportal.info port 443: Connection refused
Oct 16 19:38:54 symfony [err] Failed to connect to static.scholarsportal.info port 443: Connection refused
Oct 16 19:38:55 symfony [err] Failed to connect to static.scholarsportal.info port 443: Connection refused
Oct 16 19:38:55 symfony [err] Failed to connect to static.scholarsportal.info port 443: Connection refused
Oct 16 19:38:55 symfony [err] Failed to connect to static.scholarsportal.info port 443: Connection refused
Oct 16 19:38:55 symfony [err] Failed to connect to static.scholarsportal.info port 443: Connection refused
Oct 16 19:38:55 symfony [err] Failed to connect to static.scholarsportal.info port 443: Connection refused
Oct 16 19:38:55 symfony [err] Failed to connect to static.scholarsportal.info port 443: Connection refused
Oct 16 19:38:56 symfony [err] Failed to connect to static.scholarsportal.info port 443: Connection refused
Oct 18 07:39:09 symfony [err] Failed to connect to static.scholarsportal.info port 443: Connection refused
Oct 18 07:39:09 symfony [err] Failed to connect to static.scholarsportal.info port 443: Connection refused
Oct 18 07:39:10 symfony [err] Failed to connect to static.scholarsportal.info port 443: Connection refused
Oct 18 07:39:10 symfony [err] Failed to connect to static.scholarsportal.info port 443: Connection refused
Oct 18 07:39:10 symfony [err] Failed to connect to static.scholarsportal.info port 443: Connection refused
Oct 18 07:39:10 symfony [err] Failed to connect to static.scholarsportal.info port 443: Connection refused
Oct 18 07:39:10 symfony [err] Failed to connect to static.scholarsportal.info port 443: Connection refused
Oct 18 07:39:11 symfony [err] Failed to connect to static.scholarsportal.info port 443: Connection refused
Oct 18 07:39:11 symfony [err] Failed to connect to static.scholarsportal.info port 443: Connection refused
Oct 18 07:39:11 symfony [err] Failed to connect to static.scholarsportal.info port 443: Connection refused
Oct 18 07:39:11 symfony [err] Failed to connect to static.scholarsportal.info port 443: Connection refused
Oct 18 07:39:11 symfony [err] Failed to connect to static.scholarsportal.info port 443: Connection refused
Oct 18 07:39:11 symfony [err] Failed to connect to static.scholarsportal.info port 443: Connection refused
Oct 18 07:39:12 symfony [err] Failed to connect to static.scholarsportal.info port 443: Connection refused
Oct 18 07:39:12 symfony [err] Failed to connect to static.scholarsportal.info port 443: Connection refused
Oct 18 07:39:12 symfony [err] Failed to connect to static.scholarsportal.info port 443: Connection refused
Oct 18 07:39:12 symfony [err] Failed to connect to static.scholarsportal.info port 443: Connection refused
Oct 18 07:39:13 symfony [err] Failed to connect to static.scholarsportal.info port 443: Connection refused
Oct 18 07:39:13 symfony [err] Failed to connect to static.scholarsportal.info port 443: Connection refused
Oct 18 07:39:13 symfony [err] Failed to connect to static.scholarsportal.info port 443: Connection refused
Oct 18 07:39:13 symfony [err] Failed to connect to static.scholarsportal.info port 443: Connection refused
Oct 18 07:39:13 symfony [err] Failed to connect to static.scholarsportal.info port 443: Connection refused
Oct 18 07:39:14 symfony [err] Failed to connect to static.scholarsportal.info port 443: Connection refused
Oct 18 07:39:14 symfony [err] Failed to connect to static.scholarsportal.info port 443: Connection refused
Oct 18 07:39:14 symfony [err] Failed to connect to static.scholarsportal.info port 443: Connection refused
Oct 18 07:39:14 symfony [err] Failed to connect to static.scholarsportal.info port 443: Connection refused
Oct 18 07:39:14 symfony [err] Failed to connect to static.scholarsportal.info port 443: Connection refused
Oct 18 07:39:14 symfony [err] Failed to connect to static.scholarsportal.info port 443: Connection refused
Oct 18 07:39:14 symfony [err] Failed to connect to static.scholarsportal.info port 443: Connection refused
Oct 18 07:39:15 symfony [err] Failed to connect to static.scholarsportal.info port 443: Connection refused
Oct 18 10:17:40 symfony [err] Failed to connect to static.scholarsportal.info port 443: Connection refused
Oct 18 10:17:40 symfony [err] Failed to connect to static.scholarsportal.info port 443: Connection refused
Oct 18 10:17:41 symfony [err] Failed to connect to static.scholarsportal.info port 443: Connection refused
Oct 18 10:17:41 symfony [err] Failed to connect to static.scholarsportal.info port 443: Connection refused
Oct 18 10:17:41 symfony [err] Failed to connect to static.scholarsportal.info port 443: Connection refused
Oct 18 10:17:41 symfony [err] Failed to connect to static.scholarsportal.info port 443: Connection refused
Oct 18 10:17:41 symfony [err] Failed to connect to static.scholarsportal.info port 443: Connection refused
Oct 18 10:17:41 symfony [err] Failed to connect to static.scholarsportal.info port 443: Connection refused
Oct 18 10:17:41 symfony [err] Failed to connect to static.scholarsportal.info port 443: Connection refused
Oct 18 10:17:41 symfony [err] Failed to connect to static.scholarsportal.info port 443: Connection refused
Oct 18 10:17:41 symfony [err] Failed to connect to static.scholarsportal.info port 443: Connection refused
Oct 18 10:17:41 symfony [err] Failed to connect to static.scholarsportal.info port 443: Connection refused
Oct 18 10:17:42 symfony [err] Failed to connect to static.scholarsportal.info port 443: Connection refused
Oct 18 10:17:42 symfony [err] Failed to connect to static.scholarsportal.info port 443: Connection refused
Oct 18 10:17:42 symfony [err] Failed to connect to static.scholarsportal.info port 443: Connection refused
Oct 18 10:17:42 symfony [err] Failed to connect to static.scholarsportal.info port 443: Connection refused
Oct 18 10:17:42 symfony [err] Failed to connect to static.scholarsportal.info port 443: Connection refused
Oct 18 10:17:42 symfony [err] Failed to connect to static.scholarsportal.info port 443: Connection refused
Oct 18 10:17:42 symfony [err] Failed to connect to static.scholarsportal.info port 443: Connection refused
Oct 18 10:17:42 symfony [err] Failed to connect to static.scholarsportal.info port 443: Connection refused
Oct 18 10:17:42 symfony [err] Failed to connect to static.scholarsportal.info port 443: Connection refused
Oct 18 10:17:42 symfony [err] Failed to connect to static.scholarsportal.info port 443: Connection refused
Oct 18 10:17:42 symfony [err] Failed to connect to static.scholarsportal.info port 443: Connection refused
Oct 18 10:17:42 symfony [err] Failed to connect to static.scholarsportal.info port 443: Connection refused
Oct 18 10:17:43 symfony [err] Failed to connect to static.scholarsportal.info port 443: Connection refused
Oct 18 10:17:43 symfony [err] Failed to connect to static.scholarsportal.info port 443: Connection refused
Oct 18 10:17:43 symfony [err] Failed to connect to static.scholarsportal.info port 443: Connection refused
Oct 18 10:17:43 symfony [err] Failed to connect to static.scholarsportal.info port 443: Connection refused
Oct 18 10:17:43 symfony [err] Failed to connect to static.scholarsportal.info port 443: Connection refused
Oct 18 10:17:43 symfony [err] Failed to connect to static.scholarsportal.info port 443: Connection refused
Oct 18 12:43:56 symfony [err] Failed to connect to static.scholarsportal.info port 443: Connection refused
Oct 18 12:43:57 symfony [err] Failed to connect to static.scholarsportal.info port 443: Connection refused
Oct 18 12:43:57 symfony [err] Failed to connect to static.scholarsportal.info port 443: Connection refused
Oct 18 12:43:57 symfony [err] Failed to connect to static.scholarsportal.info port 443: Connection refused
Oct 18 12:43:58 symfony [err] Failed to connect to static.scholarsportal.info port 443: Connection refused
Oct 18 12:43:58 symfony [err] Failed to connect to static.scholarsportal.info port 443: Connection refused
Oct 18 12:43:59 symfony [err] Failed to connect to static.scholarsportal.info port 443: Connection refused
Oct 18 12:43:59 symfony [err] Failed to connect to static.scholarsportal.info port 443: Connection refused
Oct 18 12:44:00 symfony [err] Failed to connect to static.scholarsportal.info port 443: Connection refused
Oct 18 12:44:01 symfony [err] Failed to connect to static.scholarsportal.info port 443: Connection refused
Oct 18 12:44:01 symfony [err] Failed to connect to static.scholarsportal.info port 443: Connection refused
Oct 18 12:44:02 symfony [err] Failed to connect to static.scholarsportal.info port 443: Connection refused
Oct 18 12:44:03 symfony [err] Failed to connect to static.scholarsportal.info port 443: Connection refused
Oct 18 12:44:03 symfony [err] Failed to connect to static.scholarsportal.info port 443: Connection refused
Oct 18 12:44:03 symfony [err] Failed to connect to static.scholarsportal.info port 443: Connection refused
Oct 18 12:44:05 symfony [err] Failed to connect to static.scholarsportal.info port 443: Connection refused
Oct 18 12:44:05 symfony [err] Failed to connect to static.scholarsportal.info port 443: Connection refused
Oct 18 12:44:05 symfony [err] Failed to connect to static.scholarsportal.info port 443: Connection refused
Oct 18 12:44:06 symfony [err] Failed to connect to static.scholarsportal.info port 443: Connection refused
Oct 18 12:44:06 symfony [err] Failed to connect to static.scholarsportal.info port 443: Connection refused
Oct 18 12:44:06 symfony [err] Failed to connect to static.scholarsportal.info port 443: Connection refused
Oct 18 12:44:07 symfony [err] Failed to connect to static.scholarsportal.info port 443: Connection refused
Oct 18 12:44:07 symfony [err] Failed to connect to static.scholarsportal.info port 443: Connection refused
Oct 18 12:44:07 symfony [err] Failed to connect to static.scholarsportal.info port 443: Connection refused
Oct 18 12:44:08 symfony [err] Failed to connect to static.scholarsportal.info port 443: Connection refused
Oct 18 12:44:09 symfony [err] Failed to connect to static.scholarsportal.info port 443: Connection refused
Oct 18 12:44:09 symfony [err] Failed to connect to static.scholarsportal.info port 443: Connection refused
Oct 18 12:44:10 symfony [err] Failed to connect to static.scholarsportal.info port 443: Connection refused
Oct 18 12:44:11 symfony [err] Failed to connect to static.scholarsportal.info port 443: Connection refused
Oct 18 12:44:11 symfony [err] Failed to connect to static.scholarsportal.info port 443: Connection refused
Aug 25 13:18:41 symfony [err] File write to /usr/share/nginx/atom-2.6.4/uploads/r/archives-et-collections-speciales-2/2/d/5/2d510d002a084b4137088253960efbf8e6d841fff001d89ed7f3bdbe09eaf048/30-005-F1-I001_141.jpg failed. See setting directory and file permissions documentation.
Aug 25 13:18:41 symfony [err] File write to /usr/share/nginx/atom-2.6.4/uploads/r/archives-et-collections-speciales-2/5/9/f/59fb9d6e1769cda36df9c1a636cde58c8a8135bf433c617fa5f1384ad54d67ea/30-005-F1-I004_141.jpg failed. See setting directory and file permissions documentation.
Aug 25 13:18:42 symfony [err] File write to /usr/share/nginx/atom-2.6.4/uploads/r/archives-et-collections-speciales/7/6/f/76f12c58f9e9bfd6d30d6ac0b5d529096f57439f62921c5de3b545ef13a4f3fc/10-098_F1_I1_141.jpg failed. See setting directory and file permissions documentation.
Aug 25 13:18:42 symfony [err] File write to /usr/share/nginx/atom-2.6.4/uploads/r/archives-et-collections-speciales/e/1/4/e1415ca1e55a97b25067cc7d32935a753c7808a4c6abcf494158671cb67ff67d/10-098_F1_I42_141.jpg failed. See setting directory and file permissions documentation.
Aug 25 13:18:43 symfony [err] File write to /usr/share/nginx/atom-2.6.4/uploads/r/archives-et-collections-speciales/c/3/f/c3f702fcfa6def86a6a33b7f1766cdf7ce1089722c27b129ef62dd2af9148105/10-011_S1-F8-I1_141.jpg failed. See setting directory and file permissions documentation.
Aug 25 13:18:43 symfony [err] File write to /usr/share/nginx/atom-2.6.4/uploads/r/archives-et-collections-speciales/4/6/4/4645a463f25b6ce9abb01cfaf4e8bc18705bf32e19f17e9cad5539a3bfd8832a/10-008_S6_I1_141.jpg failed. See setting directory and file permissions documentation.
Aug 25 13:18:43 symfony [err] File write to /usr/share/nginx/atom-2.6.4/uploads/r/archives-et-collections-speciales/4/a/f/4afd5bb621cf954a18681b17722cd80d9b18787a757fe134ca50232c8d1d4d9f/10-013_S5-F1-I1_141.jpg failed. See setting directory and file permissions documentation.
Aug 25 13:18:44 symfony [err] File write to /usr/share/nginx/atom-2.6.4/uploads/r/archives-et-collections-speciales/8/1/6/8168cd015ba0fa82778c1dbd35772644c435a7d89ac87f60ba11bbf45d9a1fa2/10-013_S5-F1-I2_141.jpg failed. See setting directory and file permissions documentation.
Aug 25 13:18:44 symfony [err] File write to /usr/share/nginx/atom-2.6.4/uploads/r/archives-et-collections-speciales/1/1/7/117f3768135a6c3c5fc707568290222ddb59832d258ce7c92ea90dbe6027a154/10-013_S5-F1-I3_141.jpg failed. See setting directory and file permissions documentation.
Aug 25 13:18:44 symfony [err] File write to /usr/share/nginx/atom-2.6.4/uploads/r/archives-et-collections-speciales/1/e/d/1edef4c18b09e4261c3fe9b262199e29eff6645ea6fd47f9a748a74000aff255/10-013_S5-F1-I4_141.jpg failed. See setting directory and file permissions documentation.
Aug 25 13:18:44 symfony [err] File write to /usr/share/nginx/atom-2.6.4/uploads/r/archives-et-collections-speciales/2/b/5/2b57e53622c0825eadebf2268bb94ba14a9c24c63111ae80f700fad244a0f20e/10-013_S5-F1-I5_141.jpg failed. See setting directory and file permissions documentation.
Aug 25 13:18:45 symfony [err] File write to /usr/share/nginx/atom-2.6.4/uploads/r/archives-et-collections-speciales/8/e/0/8e01840c61d55461225cc0ad508a7629ac6f5840d244caad065778cfe2e20e23/10-013_S5-F4-I1_141.jpg failed. See setting directory and file permissions documentation.
Aug 25 13:18:45 symfony [err] File write to /usr/share/nginx/atom-2.6.4/uploads/r/archives-et-collections-speciales/4/a/e/4ae3bd01c22658e31c34974dbf4990eb14d3fb6bf623703a603fc7c19f357e23/10-008_S5-I1_141.jpg failed. See setting directory and file permissions documentation.
Aug 25 13:18:46 symfony [err] File write to /usr/share/nginx/atom-2.6.4/uploads/r/archives-et-collections-speciales/c/0/4/c048c421dd8ed51f07789d56a3833d9219b619df31a14b73b10ba10ac988ad3d/10-011_S9-F1-I1_141.jpg failed. See setting directory and file permissions documentation.
Aug 25 13:18:46 symfony [err] File write to /usr/share/nginx/atom-2.6.4/uploads/r/archives-et-collections-speciales/9/0/e/90e6b29797ddc9ede5a44ebf26f358a7f340b3f1ae6f9fc9b6d59fc781138867/10-011_S9-F1-I2_141.jpg failed. See setting directory and file permissions documentation.
Aug 25 13:18:46 symfony [err] File write to /usr/share/nginx/atom-2.6.4/uploads/r/archives-et-collections-speciales/2/3/7/23784b0d71dee4f298fe4744754c729e578590c6c204957b8251dfeb514964a2/10-011_S9-F1-I3_141.jpg failed. See setting directory and file permissions documentation.
Aug 25 13:18:47 symfony [err] File write to /usr/share/nginx/atom-2.6.4/uploads/r/archives-et-collections-speciales/6/2/b/62b0228056f1295e6961a953291dac623337a7233adfe6f65421fcbdfce2c6f6/10-015_F2_1_141.jpg failed. See setting directory and file permissions documentation.
Aug 25 13:18:47 symfony [err] File write to /usr/share/nginx/atom-2.6.4/uploads/r/archives-et-collections-speciales/e/6/1/e6194cd6f7556c9d217ed742af1443b21479e58f831cb2701b7f3b73db602ab6/10-015_F2_2_141.jpg failed. See setting directory and file permissions documentation.
Aug 25 13:18:47 symfony [err] File write to /usr/share/nginx/atom-2.6.4/uploads/r/archives-et-collections-speciales/1/6/a/16ae6f5dea3412d522e2a1db8446b299e3aceb85da8cce4f9c5d47ed966082d4/10-015_F2_3_141.jpg failed. See setting directory and file permissions documentation.
Aug 25 13:18:47 symfony [err] File write to /usr/share/nginx/atom-2.6.4/uploads/r/archives-et-collections-speciales/7/7/2/772ddf1cb59cdd83f1d32a1873956fc518d144b085a70ceaf539555344af55f3/10-015_F2_4_141.jpg failed. See setting directory and file permissions documentation.
Aug 25 13:18:47 symfony [err] File write to /usr/share/nginx/atom-2.6.4/uploads/r/archives-et-collections-speciales/f/e/5/fe544dde047d509fab27d7a3921f9547e80cb82a2357a13810d0def9e59fe9ac/10-015_F2_5_141.jpg failed. See setting directory and file permissions documentation.
Aug 25 13:18:48 symfony [err] File write to /usr/share/nginx/atom-2.6.4/uploads/r/archives-et-collections-speciales/0/0/7/007989d69cfd822a3a2f5b987107285c9e6a94682cd9bdf4c5db212a73c7885a/10-015_F2_6_141.jpg failed. See setting directory and file permissions documentation.
Aug 25 13:18:48 symfony [err] File write to /usr/share/nginx/atom-2.6.4/uploads/r/archives-et-collections-speciales/4/a/7/4a75bb58dd39ad3abc5d19ea2ab5c6c2f3b81a595cf0e0b66200ac81a2b2518b/10-015_F2_7_141.jpg failed. See setting directory and file permissions documentation.
Aug 25 13:18:48 symfony [err] File write to /usr/share/nginx/atom-2.6.4/uploads/r/archives-et-collections-speciales/2/2/c/22c294d39fce3a6c27344b6d994ff001fa5ec3118f4b688e7afb40f7b1a42b14/10-015_F2_8_141.jpg failed. See setting directory and file permissions documentation.
Aug 25 13:18:48 symfony [err] File write to /usr/share/nginx/atom-2.6.4/uploads/r/archives-et-collections-speciales/8/e/a/8ea66358af71f789b4d4ce5acba1d440c764341e6c647ed33148cd2bc59d28c9/10-015_F2_9_141.jpg failed. See setting directory and file permissions documentation.
Aug 25 13:18:48 symfony [err] File write to /usr/share/nginx/atom-2.6.4/uploads/r/archives-et-collections-speciales/5/d/e/5de73d54939ff430597293988bb67a3aaee90992515bea59e8ffe44eea558afb/10-015_F2_10_141.jpg failed. See setting directory and file permissions documentation.
Aug 25 13:18:48 symfony [err] File write to /usr/share/nginx/atom-2.6.4/uploads/r/archives-et-collections-speciales/a/3/c/a3c5301b20b73939642a5e5df2cd9748611f354e584e49750c9211ec9df09c32/10-015_F2_11_141.jpg failed. See setting directory and file permissions documentation.
Aug 25 13:18:49 symfony [err] File write to /usr/share/nginx/atom-2.6.4/uploads/r/archives-et-collections-speciales/b/d/b/bdbb27a2058286e1906d838426c671abece6dc309268ecd6c79b84bc2afedacd/10-015_F2_12_141.jpg failed. See setting directory and file permissions documentation.
Aug 25 13:18:49 symfony [err] File write to /usr/share/nginx/atom-2.6.4/uploads/r/archives-et-collections-speciales/e/8/2/e823c094ac8ace6c81e73d70981b1afe2274c0feaecbe67c0e1e925f3b72cb53/10-016_FeministNews_141.jpg failed. See setting directory and file permissions documentation.
Aug 25 13:18:50 symfony [err] File write to /usr/share/nginx/atom-2.6.4/uploads/r/archives-et-collections-speciales/b/8/2/b82ae4f1a68899e9d3f3257683842984d3a1abaec8917f2c344855ab57415d94/10-020_S5-F1-I1_Pamphlet_Place_aux_Femmes_141.jpg failed. See setting directory and file permissions documentation.
Aug 25 13:18:50 symfony [err] File write to /usr/share/nginx/atom-2.6.4/uploads/r/archives-et-collections-speciales/7/f/0/7f07e73baaf67b67d82bc615a25a6d7a33afdfbb8d4744cf3d27eaa3f813d8d5/10-020_S5-F1-I2_Poster_Dance_pour_Femmes_141.jpg failed. See setting directory and file permissions documentation.
Aug 25 13:18:51 symfony [err] File write to /usr/share/nginx/atom-2.6.4/uploads/r/archives-et-collections-speciales/3/f/3/3f3125e9d4ed0cb477fa16e24b53db2ec2b887f1b79928a3d1e4f041931ab7a8/10-020_S5-F1-I3_Women_Place_New_poster_design_141.jpg failed. See setting directory and file permissions documentation.
Aug 25 13:18:51 symfony [err] File write to /usr/share/nginx/atom-2.6.4/uploads/r/archives-et-collections-speciales/b/4/c/b4ceb3df0d528d181165c04ed6269f24797cb6a02ae720bb0963e42d69de4bb3/10-021_F2_141.jpg failed. See setting directory and file permissions documentation.
Aug 25 13:18:52 symfony [err] File write to /usr/share/nginx/atom-2.6.4/uploads/r/archives-et-collections-speciales/1/e/b/1ebc1f2be1a474db6dc02c75be864f5a2193dae80b7ff58d17300006b86c0b5c/10-021_F5_141.jpg failed. See setting directory and file permissions documentation.
Aug 25 13:18:52 symfony [err] File write to /usr/share/nginx/atom-2.6.4/uploads/r/archives-et-collections-speciales/9/4/7/94727637006ecd6e15aa5418ec98eb91937352c14f2f5624c6a837623c3831d2/10-027_S1-F2-I1_141.jpg failed. See setting directory and file permissions documentation.
Aug 25 13:18:53 symfony [err] File write to /usr/share/nginx/atom-2.6.4/uploads/r/archives-et-collections-speciales/2/8/a/28afb955b8644838ebaaeacc9c5fcfd826001f8dce69a5f43ead22cdfc2da172/10-027_S1-I1_141.jpg failed. See setting directory and file permissions documentation.
Aug 25 13:18:54 symfony [err] File write to /usr/share/nginx/atom-2.6.4/uploads/r/archives-et-collections-speciales/c/f/2/cf273321ad4f819f3cc42c7057995df16427accc2c10dfdba6090672e22613b2/10-027_S1-F9-I2_141.jpg failed. See setting directory and file permissions documentation.
Aug 25 13:18:54 symfony [err] File write to /usr/share/nginx/atom-2.6.4/uploads/r/archives-et-collections-speciales/a/b/8/ab874695a5b0251cfc471537dd4ffbc92cf475684d53680fe0ca0e7c8bcc860e/10-027_S3-F2-I1_141.jpg failed. See setting directory and file permissions documentation.
Aug 25 13:18:55 symfony [err] File write to /usr/share/nginx/atom-2.6.4/uploads/r/archives-et-collections-speciales/7/0/d/70d112405bfb12757d2fc4126c594205f5004df84b1aeee1c2d868202a250775/10-027_S5-F2-I1_141.jpg failed. See setting directory and file permissions documentation.
Aug 25 13:18:55 symfony [err] File write to /usr/share/nginx/atom-2.6.4/uploads/r/archives-et-collections-speciales/9/8/5/98535b377b9948b919f1c08c62f3666dbc627acf5169e3b445cfc44d93e6b25b/10-027_S6-F6-I1_141.jpg failed. See setting directory and file permissions documentation.
Aug 25 13:18:56 symfony [err] File write to /usr/share/nginx/atom-2.6.4/uploads/r/archives-et-collections-speciales/4/b/d/4bdd305ec4b5ae30a254743486b9e2974acc3177a7718cb34814425b80b75364/10-027_S6-F6-I2_141.jpg failed. See setting directory and file permissions documentation.
Aug 25 13:18:57 symfony [err] File write to /usr/share/nginx/atom-2.6.4/uploads/r/archives-et-collections-speciales/8/a/5/8a5b63816550517cf8129e82d049907ab0589a5a11200ac4dbb9032ff75a1f81/10-027_S6-F6-I3_141.jpg failed. See setting directory and file permissions documentation.
Aug 25 13:18:57 symfony [err] File write to /usr/share/nginx/atom-2.6.4/uploads/r/archives-et-collections-speciales/9/5/8/95871aa65fe666d5ccf4745fa6e3b7c67ec2d6ceb46b586ba18a158afe87e157/10-001_S1-F678-I1_Impetus_The_Black_Woman_141.jpg failed. See setting directory and file permissions documentation.
Aug 25 13:18:57 symfony [err] File write to /usr/share/nginx/atom-2.6.4/uploads/r/archives-et-collections-speciales/f/d/f/fdfab038aa5f37e7c2c50787c9d925b0e4cc666431cd80e6bbaa3a178fd9b356/10-032_S1-F8-I2_Watermark_141.jpg failed. See setting directory and file permissions documentation.
Aug 25 13:18:58 symfony [err] File write to /usr/share/nginx/atom-2.6.4/uploads/r/archives-et-collections-speciales/d/b/9/db9aab64f8f9f835f70e274f98e307c0601e951321824056e0ed66d8a3aabddf/10-032_S1-F8-I1_Watermark_141.jpg failed. See setting directory and file permissions documentation.
Aug 25 13:18:58 symfony [err] File write to /usr/share/nginx/atom-2.6.4/uploads/r/archives-et-collections-speciales/9/0/8/908af5c391b76b43fafc71db065f4f2a53e1010252f9723011b64e7a2be8a37f/10-032_S3-F11-I1_Banner_Women__organize_WATERMARK_141.jpg failed. See setting directory and file permissions documentation.
Aug 25 13:18:59 symfony [err] File write to /usr/share/nginx/atom-2.6.4/uploads/r/archives-et-collections-speciales/0/8/f/08fd003e9a2bf59fbdb880e97c544c5d339e997ef4104c468f9f3df9fa33bcdb/10-032_S2-F7-I1_Banner_For_Every_Woman_WATERMARK_141.jpg failed. See setting directory and file permissions documentation.
